<?xml version="1.0" encoding="UTF-8"?>
<coverage generated="1742995345573" clover="3.2.0">
  <project timestamp="1742995345573" name="All files">
    <metrics statements="26" coveredstatements="11" conditionals="0" coveredconditionals="0" methods="10" coveredmethods="4" elements="36" coveredelements="15" complexity="0" loc="26" ncloc="26" packages="1" files="1" classes="1"/>
    <file name="appointmentsSlice.ts" path="C:\Users\jubag\Documents\proyectos\careExpand\appointment-scheduler\src\redux\appointments\appointmentsSlice.ts">
      <metrics statements="26" coveredstatements="11" conditionals="0" coveredconditionals="0" methods="10" coveredmethods="4"/>
      <line num="20" count="1" type="stmt"/>
      <line num="27" count="1" type="stmt"/>
      <line num="30" count="0" type="stmt"/>
      <line num="31" count="0" type="stmt"/>
      <line num="35" count="0" type="stmt"/>
      <line num="42" count="0" type="stmt"/>
      <line num="44" count="0" type="stmt"/>
      <line num="50" count="1" type="stmt"/>
      <line num="53" count="0" type="stmt"/>
      <line num="55" count="0" type="stmt"/>
      <line num="58" count="0" type="stmt"/>
      <line num="63" count="0" type="stmt"/>
      <line num="68" count="1" type="stmt"/>
      <line num="73" count="1" type="stmt"/>
      <line num="75" count="1" type="stmt"/>
      <line num="76" count="1" type="stmt"/>
      <line num="81" count="1" type="stmt"/>
      <line num="82" count="1" type="stmt"/>
      <line num="86" count="1" type="stmt"/>
      <line num="87" count="1" type="stmt"/>
      <line num="90" count="0" type="stmt"/>
      <line num="91" count="0" type="stmt"/>
      <line num="96" count="0" type="stmt"/>
      <line num="97" count="0" type="stmt"/>
      <line num="101" count="0" type="stmt"/>
      <line num="102" count="0" type="stmt"/>
    </file>
  </project>
</coverage>
