{"C:\\Users\\jubag\\Documents\\proyectos\\careExpand\\appointment-scheduler\\src\\redux\\appointments\\appointmentsSlice.ts": {"path":"C:\\Users\\jubag\\Documents\\proyectos\\careExpand\\appointment-scheduler\\src\\redux\\appointments\\appointmentsSlice.ts","statementMap":{"0":{"start":{"line":20,"column":40},"end":{"line":24,"column":1}},"1":{"start":{"line":27,"column":31},"end":{"line":47,"column":1}},"2":{"start":{"line":30,"column":4},"end":{"line":45,"column":5}},"3":{"start":{"line":31,"column":23},"end":{"line":33,"column":7}},"4":{"start":{"line":35,"column":22},"end":{"line":41,"column":9}},"5":{"start":{"line":35,"column":69},"end":{"line":41,"column":7}},"6":{"start":{"line":42,"column":6},"end":{"line":42,"column":38}},"7":{"start":{"line":44,"column":6},"end":{"line":44,"column":69}},"8":{"start":{"line":50,"column":33},"end":{"line":66,"column":1}},"9":{"start":{"line":53,"column":4},"end":{"line":64,"column":5}},"10":{"start":{"line":55,"column":6},"end":{"line":55,"column":74}},"11":{"start":{"line":58,"column":6},"end":{"line":61,"column":8}},"12":{"start":{"line":63,"column":6},"end":{"line":63,"column":70}},"13":{"start":{"line":68,"column":26},"end":{"line":106,"column":2}},"14":{"start":{"line":73,"column":4},"end":{"line":103,"column":9}},"15":{"start":{"line":75,"column":8},"end":{"line":75,"column":29}},"16":{"start":{"line":76,"column":8},"end":{"line":76,"column":27}},"17":{"start":{"line":81,"column":10},"end":{"line":81,"column":32}},"18":{"start":{"line":82,"column":10},"end":{"line":82,"column":38}},"19":{"start":{"line":86,"column":8},"end":{"line":86,"column":30}},"20":{"start":{"line":87,"column":8},"end":{"line":87,"column":47}},"21":{"start":{"line":90,"column":8},"end":{"line":90,"column":29}},"22":{"start":{"line":91,"column":8},"end":{"line":91,"column":27}},"23":{"start":{"line":96,"column":10},"end":{"line":96,"column":32}},"24":{"start":{"line":97,"column":10},"end":{"line":97,"column":45}},"25":{"start":{"line":101,"column":8},"end":{"line":101,"column":30}},"26":{"start":{"line":102,"column":8},"end":{"line":102,"column":47}}},"fnMap":{"0":{"name":"(anonymous_0)","decl":{"start":{"line":29,"column":2},"end":{"line":29,"column":3}},"loc":{"start":{"line":29,"column":25},"end":{"line":46,"column":3}},"line":29},"1":{"name":"(anonymous_1)","decl":{"start":{"line":35,"column":53},"end":{"line":35,"column":54}},"loc":{"start":{"line":35,"column":69},"end":{"line":41,"column":7}},"line":35},"2":{"name":"(anonymous_2)","decl":{"start":{"line":52,"column":2},"end":{"line":52,"column":3}},"loc":{"start":{"line":52,"column":60},"end":{"line":65,"column":3}},"line":52},"3":{"name":"(anonymous_3)","decl":{"start":{"line":72,"column":17},"end":{"line":72,"column":18}},"loc":{"start":{"line":72,"column":30},"end":{"line":105,"column":3}},"line":72},"4":{"name":"(anonymous_4)","decl":{"start":{"line":74,"column":40},"end":{"line":74,"column":41}},"loc":{"start":{"line":74,"column":51},"end":{"line":77,"column":7}},"line":74},"5":{"name":"(anonymous_5)","decl":{"start":{"line":80,"column":8},"end":{"line":80,"column":9}},"loc":{"start":{"line":80,"column":57},"end":{"line":83,"column":9}},"line":80},"6":{"name":"(anonymous_6)","decl":{"start":{"line":85,"column":41},"end":{"line":85,"column":42}},"loc":{"start":{"line":85,"column":60},"end":{"line":88,"column":7}},"line":85},"7":{"name":"(anonymous_7)","decl":{"start":{"line":89,"column":42},"end":{"line":89,"column":43}},"loc":{"start":{"line":89,"column":53},"end":{"line":92,"column":7}},"line":89},"8":{"name":"(anonymous_8)","decl":{"start":{"line":95,"column":8},"end":{"line":95,"column":9}},"loc":{"start":{"line":95,"column":55},"end":{"line":98,"column":9}},"line":95},"9":{"name":"(anonymous_9)","decl":{"start":{"line":100,"column":43},"end":{"line":100,"column":44}},"loc":{"start":{"line":100,"column":62},"end":{"line":103,"column":7}},"line":100}},"branchMap":{},"s":{"0":1,"1":1,"2":0,"3":0,"4":0,"5":0,"6":0,"7":0,"8":1,"9":0,"10":0,"11":0,"12":0,"13":1,"14":1,"15":1,"16":1,"17":1,"18":1,"19":1,"20":1,"21":0,"22":0,"23":0,"24":0,"25":0,"26":0},"f":{"0":0,"1":0,"2":0,"3":1,"4":1,"5":1,"6":1,"7":0,"8":0,"9":0},"b":{},"_coverageSchema":"1a1c01bbd47fc00a2c39e90264f33305004495a9","hash":"4f42772ea948b510b3a90675fbadd7bc9085bea4"}
}
