TN:
SF:src\redux\appointments\appointmentsSlice.ts
FN:29,(anonymous_0)
FN:35,(anonymous_1)
FN:52,(anonymous_2)
FN:72,(anonymous_3)
FN:74,(anonymous_4)
FN:80,(anonymous_5)
FN:85,(anonymous_6)
FN:89,(anonymous_7)
FN:95,(anonymous_8)
FN:100,(anonymous_9)
FNF:10
FNH:4
FNDA:0,(anonymous_0)
FNDA:0,(anonymous_1)
FNDA:0,(anonymous_2)
FNDA:1,(anonymous_3)
FNDA:1,(anonymous_4)
FNDA:1,(anonymous_5)
FNDA:1,(anonymous_6)
FNDA:0,(anonymous_7)
FNDA:0,(anonymous_8)
FNDA:0,(anonymous_9)
DA:20,1
DA:27,1
DA:30,0
DA:31,0
DA:35,0
DA:42,0
DA:44,0
DA:50,1
DA:53,0
DA:55,0
DA:58,0
DA:63,0
DA:68,1
DA:73,1
DA:75,1
DA:76,1
DA:81,1
DA:82,1
DA:86,1
DA:87,1
DA:90,0
DA:91,0
DA:96,0
DA:97,0
DA:101,0
DA:102,0
LF:26
LH:11
BRF:0
BRH:0
end_of_record
